<?xml version="1.0" encoding="UTF-8"?>
<!-- Generated by org.testng.reporters.JUnitReportReporter -->
<testsuite skipped="0" hostname="DESKTOP-7AL274K" name="test.selenium.SeleniumAzurePipelineDemo.TestNGParallelTestingDemo" tests="2" failures="0" timestamp="04 Feb 2022 08:44:53 GMT" time="16.961" errors="0">
  <testcase name="test2" time="10.295" classname="test.selenium.SeleniumAzurePipelineDemo.TestNGParallelTestingDemo"/>
  <testcase name="test1" time="6.666" classname="test.selenium.SeleniumAzurePipelineDemo.TestNGParallelTestingDemo"/>
</testsuite> <!-- test.selenium.SeleniumAzurePipelineDemo.TestNGParallelTestingDemo -->
